fetch.js:30  DELETE https://gqfryirmszmxpgczhgcp.supabase.co/rest/v1/b_bible_contents 400 (Bad Request)
eval @ fetch.js:30
eval @ fetch.js:51
fulfilled @ fetch.js:11
Promise.then
step @ fetch.js:13
eval @ fetch.js:14
__awaiter @ fetch.js:10
eval @ fetch.js:41
then @ PostgrestBuilder.js:65
fetch.js:30  DELETE https://gqfryirmszmxpgczhgcp.supabase.co/rest/v1/b_bible_books 400 (Bad Request)
eval @ fetch.js:30
eval @ fetch.js:51
fulfilled @ fetch.js:11
Promise.then
step @ fetch.js:13
eval @ fetch.js:14
__awaiter @ fetch.js:10
eval @ fetch.js:41
then @ PostgrestBuilder.js:65
fetch.js:30  DELETE https://gqfryirmszmxpgczhgcp.supabase.co/rest/v1/b_categories 400 (Bad Request)
eval @ fetch.js:30
eval @ fetch.js:51
fulfilled @ fetch.js:11
Promise.then
step @ fetch.js:13
eval @ fetch.js:14
__awaiter @ fetch.js:10
eval @ fetch.js:41
then @ PostgrestBuilder.js:65
